[2022-09-16T16:47:47,455][INFO ][SpringApplicationShutdownHook][com.zaxxer.hikari.HikariDataSource.close] HikariPool-1 - Shutdown completed.
[2022-09-16T16:48:10,043][INFO ][main][org.springframework.boot.StartupInfoLogger.logStarting] Starting DataBaseServiceApplicationKt using Java 18 on DESKTOP-THTJS0A with PID 9956 (C:\Users\roman\IdeaProjects\DataBaseService\target\classes started by roman in C:\Users\roman\IdeaProjects\DataBaseService)
[2022-09-16T16:48:10,053][DEBUG][main][org.springframework.boot.StartupInfoLogger.logStarting] Running with Spring Boot v2.7.3, Spring v5.3.22
[2022-09-16T16:48:10,061][INFO ][main][org.springframework.boot.SpringApplication.logStartupProfileInfo] The following 1 profile is active: "dev"
[2022-09-16T16:48:11,074][INFO ][main][org.springframework.data.repository.config.RepositoryConfigurationDelegate.registerRepositoriesIn] Bootstrapping Spring Data JPA repositories in DEFAULT mode.
[2022-09-16T16:48:11,170][INFO ][main][org.springframework.data.repository.config.RepositoryConfigurationDelegate.registerRepositoriesIn] Finished Spring Data repository scanning in 81 ms. Found 5 JPA repository interfaces.
[2022-09-16T16:48:11,927][INFO ][main][org.springframework.boot.web.embedded.tomcat.TomcatWebServer.initialize] Tomcat initialized with port(s): 8080 (http)
[2022-09-16T16:48:11,951][INFO ][main][org.apache.juli.logging.DirectJDKLog.log] Initializing ProtocolHandler ["http-nio-8080"]
[2022-09-16T16:48:11,952][INFO ][main][org.apache.juli.logging.DirectJDKLog.log] Starting service [Tomcat]
[2022-09-16T16:48:11,953][INFO ][main][org.apache.juli.logging.DirectJDKLog.log] Starting Servlet engine: [Apache Tomcat/9.0.65]
[2022-09-16T16:48:12,094][INFO ][main][org.apache.juli.logging.DirectJDKLog.log] Initializing Spring embedded WebApplicationContext
[2022-09-16T16:48:12,095][INFO ][main][org.springframework.boot.web.servlet.context.ServletWebServerApplicationContext.prepareWebApplicationContext] Root WebApplicationContext: initialization completed in 1961 ms
[2022-09-16T16:48:12,263][INFO ][main][com.zaxxer.hikari.HikariDataSource.getConnection] HikariPool-1 - Starting...
[2022-09-16T16:48:12,498][INFO ][main][com.zaxxer.hikari.HikariDataSource.getConnection] HikariPool-1 - Start completed.
[2022-09-16T16:48:12,586][INFO ][main][org.hibernate.jpa.internal.util.LogHelper.logPersistenceUnitInformation] HHH000204: Processing PersistenceUnitInfo [name: default]
[2022-09-16T16:48:12,733][INFO ][main][org.hibernate.Version.logVersion] HHH000412: Hibernate ORM core version 5.4.12.Final
[2022-09-16T16:48:12,901][INFO ][main][org.hibernate.annotations.common.reflection.java.JavaReflectionManager.<clinit>] HCANN000001: Hibernate Commons Annotations {5.1.0.Final}
[2022-09-16T16:48:13,119][INFO ][main][org.hibernate.dialect.Dialect.<init>] HHH000400: Using dialect: org.hibernate.dialect.PostgreSQLDialect
[2022-09-16T16:48:13,916][INFO ][main][org.hibernate.engine.transaction.jta.platform.internal.JtaPlatformInitiator.initiateService] HHH000490: Using JtaPlatform implementation: [org.hibernate.engine.transaction.jta.platform.internal.NoJtaPlatform]
[2022-09-16T16:48:13,928][INFO ][main][org.springframework.orm.jpa.AbstractEntityManagerFactoryBean.buildNativeEntityManagerFactory] Initialized JPA EntityManagerFactory for persistence unit 'default'
[2022-09-16T16:48:14,948][WARN ][main][org.springframework.boot.autoconfigure.orm.jpa.JpaBaseConfiguration$JpaWebConfiguration.openEntityManagerInViewInterceptor] spring.jpa.open-in-view is enabled by default. Therefore, database queries may be performed during view rendering. Explicitly configure spring.jpa.open-in-view to disable this warning
[2022-09-16T16:48:15,383][INFO ][main][org.apache.juli.logging.DirectJDKLog.log] Starting ProtocolHandler ["http-nio-8080"]
[2022-09-16T16:48:15,408][INFO ][main][org.springframework.boot.web.embedded.tomcat.TomcatWebServer.start] Tomcat started on port(s): 8080 (http) with context path ''
[2022-09-16T16:48:15,422][INFO ][main][org.springframework.boot.StartupInfoLogger.logStarted] Started DataBaseServiceApplicationKt in 5.871 seconds (JVM running for 7.283)
[2022-09-16T16:48:20,681][INFO ][http-nio-8080-exec-2][org.apache.juli.logging.DirectJDKLog.log] Initializing Spring DispatcherServlet 'dispatcherServlet'
[2022-09-16T16:48:20,682][INFO ][http-nio-8080-exec-2][org.springframework.web.servlet.FrameworkServlet.initServletBean] Initializing Servlet 'dispatcherServlet'
[2022-09-16T16:48:20,683][INFO ][http-nio-8080-exec-2][org.springframework.web.servlet.FrameworkServlet.initServletBean] Completed initialization in 1 ms
[2022-09-16T16:48:20,825][INFO ][http-nio-8080-exec-2][ru.edu.databaseservice.services.AnonUserService.saveAnonUser] Request: AnonUserEntity(id=null, iden32=65578138913908, refRoomsEntities=null)
[2022-09-16T16:48:20,885][INFO ][http-nio-8080-exec-2][ru.edu.databaseservice.services.AnonUserService.saveAnonUser] Anon successfully created AnonUserEntity(id=2, iden32=65578138913908, refRoomsEntities=null)
[2022-09-16T16:48:47,878][INFO ][http-nio-8080-exec-4][ru.edu.databaseservice.controllers.RegUserController.createRegUser] Create new user: RegUserEntity(id=null, username=Коjhkjшачья жопа, login=lexa1488, email=cat1382@gmail.com, countWin=null, countLose=null, dateOfRegist=2022-09-16T16:48:47.866620100, birthdate=Sun May 13 03:00:00 MSK 1956, refRatingEntities=null, refRoomsEntities=null)
[2022-09-16T16:49:02,596][INFO ][http-nio-8080-exec-3][ru.edu.databaseservice.services.AnonUserService.deleteAnonUserById] Request for delete anon user by id=2
[2022-09-16T16:49:02,655][INFO ][http-nio-8080-exec-3][ru.edu.databaseservice.services.AnonUserService.deleteAnonUserById] Anon successfully deleted with id=2
[2022-09-16T16:49:53,072][INFO ][http-nio-8080-exec-5][ru.edu.databaseservice.controllers.RegUserController.findUserById] Response by database: RegUserEntity(id=6, username=Кошачья жопа, login=lexa1488, email=cat1382@gmail.com, countWin=null, countLose=null, dateOfRegist=2022-09-16T00:00, birthdate=1956-05-13 00:00:00.0, refRatingEntities=[], refRoomsEntities=[])
[2022-09-16T16:49:56,856][INFO ][http-nio-8080-exec-6][ru.edu.databaseservice.controllers.RegUserController.findUserById] Response by database: RegUserEntity(id=7, username=Коjhkjшачья жопа, login=lexa1488, email=cat1382@gmail.com, countWin=null, countLose=null, dateOfRegist=2022-09-16T00:00, birthdate=1956-05-13 00:00:00.0, refRatingEntities=[], refRoomsEntities=[])
[2022-09-16T16:50:00,488][ERROR][http-nio-8080-exec-7][ru.edu.databaseservice.controllers.RegUserController.findUserById] No value present
[2022-09-16T16:50:07,203][INFO ][SpringApplicationShutdownHook][org.springframework.orm.jpa.AbstractEntityManagerFactoryBean.destroy] Closing JPA EntityManagerFactory for persistence unit 'default'
[2022-09-16T16:50:07,206][INFO ][SpringApplicationShutdownHook][com.zaxxer.hikari.HikariDataSource.close] HikariPool-1 - Shutdown initiated...
[2022-09-16T16:50:07,212][INFO ][SpringApplicationShutdownHook][com.zaxxer.hikari.HikariDataSource.close] HikariPool-1 - Shutdown completed.
[2022-09-16T17:06:32,314][INFO ][main][org.springframework.boot.StartupInfoLogger.logStarting] Starting DataBaseServiceApplicationKt using Java 18 on DESKTOP-THTJS0A with PID 796 (C:\Users\roman\IdeaProjects\DataBaseService\target\classes started by roman in C:\Users\roman\IdeaProjects\DataBaseService)
[2022-09-16T17:06:32,328][DEBUG][main][org.springframework.boot.StartupInfoLogger.logStarting] Running with Spring Boot v2.7.3, Spring v5.3.22
[2022-09-16T17:06:32,332][INFO ][main][org.springframework.boot.SpringApplication.logStartupProfileInfo] The following 1 profile is active: "prod"
[2022-09-16T17:06:33,364][INFO ][main][org.springframework.data.repository.config.RepositoryConfigurationDelegate.registerRepositoriesIn] Bootstrapping Spring Data JPA repositories in DEFAULT mode.
[2022-09-16T17:06:33,477][INFO ][main][org.springframework.data.repository.config.RepositoryConfigurationDelegate.registerRepositoriesIn] Finished Spring Data repository scanning in 101 ms. Found 5 JPA repository interfaces.
[2022-09-16T17:06:34,202][INFO ][main][org.springframework.boot.web.embedded.tomcat.TomcatWebServer.initialize] Tomcat initialized with port(s): 8080 (http)
[2022-09-16T17:06:34,225][INFO ][main][org.apache.juli.logging.DirectJDKLog.log] Initializing ProtocolHandler ["http-nio-8080"]
[2022-09-16T17:06:34,226][INFO ][main][org.apache.juli.logging.DirectJDKLog.log] Starting service [Tomcat]
[2022-09-16T17:06:34,227][INFO ][main][org.apache.juli.logging.DirectJDKLog.log] Starting Servlet engine: [Apache Tomcat/9.0.65]
[2022-09-16T17:06:34,386][INFO ][main][org.apache.juli.logging.DirectJDKLog.log] Initializing Spring embedded WebApplicationContext
[2022-09-16T17:06:34,386][INFO ][main][org.springframework.boot.web.servlet.context.ServletWebServerApplicationContext.prepareWebApplicationContext] Root WebApplicationContext: initialization completed in 1963 ms
[2022-09-16T17:06:34,523][INFO ][main][com.zaxxer.hikari.HikariDataSource.getConnection] HikariPool-1 - Starting...
[2022-09-16T17:06:36,310][INFO ][main][com.zaxxer.hikari.HikariDataSource.getConnection] HikariPool-1 - Start completed.
[2022-09-16T17:06:36,372][INFO ][main][org.hibernate.jpa.internal.util.LogHelper.logPersistenceUnitInformation] HHH000204: Processing PersistenceUnitInfo [name: default]
[2022-09-16T17:06:36,519][INFO ][main][org.hibernate.Version.logVersion] HHH000412: Hibernate ORM core version 5.4.12.Final
[2022-09-16T17:06:36,682][INFO ][main][org.hibernate.annotations.common.reflection.java.JavaReflectionManager.<clinit>] HCANN000001: Hibernate Commons Annotations {5.1.0.Final}
[2022-09-16T17:06:36,817][INFO ][main][org.hibernate.dialect.Dialect.<init>] HHH000400: Using dialect: org.hibernate.dialect.PostgreSQLDialect
[2022-09-16T17:06:38,392][INFO ][main][org.hibernate.engine.transaction.jta.platform.internal.JtaPlatformInitiator.initiateService] HHH000490: Using JtaPlatform implementation: [org.hibernate.engine.transaction.jta.platform.internal.NoJtaPlatform]
[2022-09-16T17:06:38,401][INFO ][main][org.springframework.orm.jpa.AbstractEntityManagerFactoryBean.buildNativeEntityManagerFactory] Initialized JPA EntityManagerFactory for persistence unit 'default'
[2022-09-16T17:06:39,194][WARN ][main][org.springframework.boot.autoconfigure.orm.jpa.JpaBaseConfiguration$JpaWebConfiguration.openEntityManagerInViewInterceptor] spring.jpa.open-in-view is enabled by default. Therefore, database queries may be performed during view rendering. Explicitly configure spring.jpa.open-in-view to disable this warning
[2022-09-16T17:06:39,652][INFO ][main][org.apache.juli.logging.DirectJDKLog.log] Starting ProtocolHandler ["http-nio-8080"]
[2022-09-16T17:06:39,684][INFO ][main][org.springframework.boot.web.embedded.tomcat.TomcatWebServer.start] Tomcat started on port(s): 8080 (http) with context path ''
[2022-09-16T17:06:39,703][INFO ][main][org.springframework.boot.StartupInfoLogger.logStarted] Started DataBaseServiceApplicationKt in 7.906 seconds (JVM running for 9.557)
[2022-09-16T17:07:04,342][INFO ][http-nio-8080-exec-2][org.apache.juli.logging.DirectJDKLog.log] Initializing Spring DispatcherServlet 'dispatcherServlet'
[2022-09-16T17:07:04,343][INFO ][http-nio-8080-exec-2][org.springframework.web.servlet.FrameworkServlet.initServletBean] Initializing Servlet 'dispatcherServlet'
[2022-09-16T17:07:04,345][INFO ][http-nio-8080-exec-2][org.springframework.web.servlet.FrameworkServlet.initServletBean] Completed initialization in 2 ms
[2022-09-16T17:07:04,565][INFO ][http-nio-8080-exec-2][ru.edu.databaseservice.controllers.RegUserController.createRegUser] Create new user: RegUserEntity(id=null, username=L3H4, login=lexa1488, email=cat1382@gmail.com, countWin=null, countLose=null, dateOfRegist=2022-09-16T17:07:04.545546600, birthdate=Sun May 13 03:00:00 MSK 1956, refRatingEntities=null, refRoomsEntities=null)
[2022-09-16T17:08:24,404][INFO ][SpringApplicationShutdownHook][org.springframework.orm.jpa.AbstractEntityManagerFactoryBean.destroy] Closing JPA EntityManagerFactory for persistence unit 'default'
[2022-09-16T17:08:24,408][INFO ][SpringApplicationShutdownHook][com.zaxxer.hikari.HikariDataSource.close] HikariPool-1 - Shutdown initiated...
[2022-09-16T17:08:26,980][INFO ][SpringApplicationShutdownHook][com.zaxxer.hikari.HikariDataSource.close] HikariPool-1 - Shutdown completed.
