[2022-11-17T16:56:59,565][INFO ][main][org.springframework.boot.StartupInfoLogger.logStarting] Starting DataBaseServiceApplicationKt using Java 18 on DESKTOP-THTJS0A with PID 3572 (C:\Users\roman\IdeaProjects\DataBaseService\target\classes started by roman in C:\Users\roman\IdeaProjects\DataBaseService)
[2022-11-17T16:56:59,591][DEBUG][main][org.springframework.boot.StartupInfoLogger.logStarting] Running with Spring Boot v2.7.3, Spring v5.3.22
[2022-11-17T16:56:59,594][INFO ][main][org.springframework.boot.SpringApplication.logStartupProfileInfo] The following 1 profile is active: "dev"
[2022-11-17T16:58:09,418][INFO ][main][org.springframework.boot.StartupInfoLogger.logStarting] Starting DataBaseServiceApplicationKt using Java 18 on DESKTOP-THTJS0A with PID 4860 (C:\Users\roman\IdeaProjects\DataBaseService\target\classes started by roman in C:\Users\roman\IdeaProjects\DataBaseService)
[2022-11-17T16:58:09,431][DEBUG][main][org.springframework.boot.StartupInfoLogger.logStarting] Running with Spring Boot v2.7.3, Spring v5.3.22
[2022-11-17T16:58:09,433][INFO ][main][org.springframework.boot.SpringApplication.logStartupProfileInfo] The following 1 profile is active: "dev"
[2022-11-17T16:59:19,173][INFO ][main][org.springframework.boot.StartupInfoLogger.logStarting] Starting DataBaseServiceApplicationKt using Java 18 on DESKTOP-THTJS0A with PID 9580 (C:\Users\roman\IdeaProjects\DataBaseService\target\classes started by roman in C:\Users\roman\IdeaProjects\DataBaseService)
[2022-11-17T16:59:19,192][DEBUG][main][org.springframework.boot.StartupInfoLogger.logStarting] Running with Spring Boot v2.7.3, Spring v5.3.22
[2022-11-17T16:59:19,195][INFO ][main][org.springframework.boot.SpringApplication.logStartupProfileInfo] The following 1 profile is active: "dev"
[2022-11-17T16:59:55,404][INFO ][main][org.springframework.boot.StartupInfoLogger.logStarting] Starting DataBaseServiceApplicationKt using Java 18 on DESKTOP-THTJS0A with PID 12928 (C:\Users\roman\IdeaProjects\DataBaseService\target\classes started by roman in C:\Users\roman\IdeaProjects\DataBaseService)
[2022-11-17T16:59:55,420][DEBUG][main][org.springframework.boot.StartupInfoLogger.logStarting] Running with Spring Boot v2.7.3, Spring v5.3.22
[2022-11-17T16:59:55,422][INFO ][main][org.springframework.boot.SpringApplication.logStartupProfileInfo] The following 1 profile is active: "dev"
[2022-11-17T17:01:59,244][INFO ][main][org.springframework.boot.StartupInfoLogger.logStarting] Starting DataBaseServiceApplicationKt using Java 18 on DESKTOP-THTJS0A with PID 10784 (C:\Users\roman\IdeaProjects\DataBaseService\target\classes started by roman in C:\Users\roman\IdeaProjects\DataBaseService)
[2022-11-17T17:01:59,262][DEBUG][main][org.springframework.boot.StartupInfoLogger.logStarting] Running with Spring Boot v2.7.3, Spring v5.3.22
[2022-11-17T17:01:59,264][INFO ][main][org.springframework.boot.SpringApplication.logStartupProfileInfo] The following 1 profile is active: "dev"
[2022-11-17T17:04:12,404][INFO ][main][org.springframework.boot.StartupInfoLogger.logStarting] Starting DataBaseServiceApplicationKt using Java 18 on DESKTOP-THTJS0A with PID 3564 (C:\Users\roman\IdeaProjects\DataBaseService\target\classes started by roman in C:\Users\roman\IdeaProjects\DataBaseService)
[2022-11-17T17:04:12,419][DEBUG][main][org.springframework.boot.StartupInfoLogger.logStarting] Running with Spring Boot v2.7.3, Spring v5.3.22
[2022-11-17T17:04:12,421][INFO ][main][org.springframework.boot.SpringApplication.logStartupProfileInfo] The following 1 profile is active: "dev"
[2022-11-17T17:04:54,649][INFO ][main][org.springframework.boot.StartupInfoLogger.logStarting] Starting DataBaseServiceApplicationKt using Java 18 on DESKTOP-THTJS0A with PID 2832 (C:\Users\roman\IdeaProjects\DataBaseService\target\classes started by roman in C:\Users\roman\IdeaProjects\DataBaseService)
[2022-11-17T17:04:54,662][DEBUG][main][org.springframework.boot.StartupInfoLogger.logStarting] Running with Spring Boot v2.7.3, Spring v5.3.22
[2022-11-17T17:04:54,664][INFO ][main][org.springframework.boot.SpringApplication.logStartupProfileInfo] The following 1 profile is active: "dev"
[2022-11-17T17:05:51,957][INFO ][main][org.springframework.boot.StartupInfoLogger.logStarting] Starting DataBaseServiceApplicationKt using Java 18 on DESKTOP-THTJS0A with PID 1840 (C:\Users\roman\IdeaProjects\DataBaseService\target\classes started by roman in C:\Users\roman\IdeaProjects\DataBaseService)
[2022-11-17T17:05:51,975][DEBUG][main][org.springframework.boot.StartupInfoLogger.logStarting] Running with Spring Boot v2.7.3, Spring v5.3.22
[2022-11-17T17:05:51,977][INFO ][main][org.springframework.boot.SpringApplication.logStartupProfileInfo] The following 1 profile is active: "dev"
[2022-11-17T17:08:26,459][INFO ][main][org.springframework.boot.StartupInfoLogger.logStarting] Starting DataBaseServiceApplicationKt using Java 18 on DESKTOP-THTJS0A with PID 12684 (C:\Users\roman\IdeaProjects\DataBaseService\target\classes started by roman in C:\Users\roman\IdeaProjects\DataBaseService)
[2022-11-17T17:08:26,476][DEBUG][main][org.springframework.boot.StartupInfoLogger.logStarting] Running with Spring Boot v2.7.3, Spring v5.3.22
[2022-11-17T17:08:26,478][INFO ][main][org.springframework.boot.SpringApplication.logStartupProfileInfo] The following 1 profile is active: "dev"
[2022-11-17T17:08:59,305][INFO ][main][org.springframework.boot.StartupInfoLogger.logStarting] Starting DataBaseServiceApplicationKt using Java 18 on DESKTOP-THTJS0A with PID 2824 (C:\Users\roman\IdeaProjects\DataBaseService\target\classes started by roman in C:\Users\roman\IdeaProjects\DataBaseService)
[2022-11-17T17:08:59,319][DEBUG][main][org.springframework.boot.StartupInfoLogger.logStarting] Running with Spring Boot v2.7.3, Spring v5.3.22
[2022-11-17T17:08:59,321][INFO ][main][org.springframework.boot.SpringApplication.logStartupProfileInfo] The following 1 profile is active: "dev"
[2022-11-17T17:09:22,764][INFO ][main][org.springframework.boot.StartupInfoLogger.logStarting] Starting DataBaseServiceApplicationKt using Java 18 on DESKTOP-THTJS0A with PID 5500 (C:\Users\roman\IdeaProjects\DataBaseService\target\classes started by roman in C:\Users\roman\IdeaProjects\DataBaseService)
[2022-11-17T17:09:22,778][DEBUG][main][org.springframework.boot.StartupInfoLogger.logStarting] Running with Spring Boot v2.7.3, Spring v5.3.22
[2022-11-17T17:09:22,780][INFO ][main][org.springframework.boot.SpringApplication.logStartupProfileInfo] The following 1 profile is active: "dev"
[2022-11-17T17:10:50,694][INFO ][main][org.springframework.boot.StartupInfoLogger.logStarting] Starting DataBaseServiceApplicationKt using Java 18 on DESKTOP-THTJS0A with PID 2716 (C:\Users\roman\IdeaProjects\DataBaseService\target\classes started by roman in C:\Users\roman\IdeaProjects\DataBaseService)
[2022-11-17T17:10:50,706][DEBUG][main][org.springframework.boot.StartupInfoLogger.logStarting] Running with Spring Boot v2.7.3, Spring v5.3.22
[2022-11-17T17:10:50,708][INFO ][main][org.springframework.boot.SpringApplication.logStartupProfileInfo] The following 1 profile is active: "dev"
[2022-11-17T17:10:56,908][INFO ][main][org.springframework.boot.StartupInfoLogger.logStarted] Started DataBaseServiceApplicationKt in 6.816 seconds (JVM running for 8.729)
[2022-11-17T17:12:39,426][INFO ][http-nio-8080-exec-2][ru.edu.databaseservice.services.AnonUserService.saveAnonUser] Request: AnonUsersEntity(id=null, iden32=65578138913908, roomsEntity=null)
[2022-11-17T17:12:39,543][ERROR][http-nio-8080-exec-2][ru.edu.databaseservice.services.AnonUserService.saveAnonUser] could not execute statement; SQL [n/a]; nested exception is org.hibernate.exception.SQLGrammarException: could not execute statement
[2022-11-17T17:17:10,484][INFO ][main][org.springframework.boot.StartupInfoLogger.logStarting] Starting DataBaseServiceApplicationKt using Java 18 on DESKTOP-THTJS0A with PID 11760 (C:\Users\roman\IdeaProjects\DataBaseService\target\classes started by roman in C:\Users\roman\IdeaProjects\DataBaseService)
[2022-11-17T17:17:10,499][DEBUG][main][org.springframework.boot.StartupInfoLogger.logStarting] Running with Spring Boot v2.7.3, Spring v5.3.22
[2022-11-17T17:17:10,502][INFO ][main][org.springframework.boot.SpringApplication.logStartupProfileInfo] The following 1 profile is active: "dev"
[2022-11-17T17:18:17,904][INFO ][main][org.springframework.boot.StartupInfoLogger.logStarting] Starting DataBaseServiceApplicationKt using Java 18 on DESKTOP-THTJS0A with PID 11884 (C:\Users\roman\IdeaProjects\DataBaseService\target\classes started by roman in C:\Users\roman\IdeaProjects\DataBaseService)
[2022-11-17T17:18:17,917][DEBUG][main][org.springframework.boot.StartupInfoLogger.logStarting] Running with Spring Boot v2.7.3, Spring v5.3.22
[2022-11-17T17:18:17,919][INFO ][main][org.springframework.boot.SpringApplication.logStartupProfileInfo] The following 1 profile is active: "dev"
[2022-11-17T17:18:24,529][INFO ][main][org.springframework.boot.StartupInfoLogger.logStarted] Started DataBaseServiceApplicationKt in 7.222 seconds (JVM running for 9.577)
[2022-11-17T17:18:29,145][INFO ][http-nio-8080-exec-2][ru.edu.databaseservice.services.AnonUserService.saveAnonUser] Request: AnonUsersEntity(id=null, iden32=65578138913908, roomsEntity=null)
[2022-11-17T17:18:29,266][ERROR][http-nio-8080-exec-2][ru.edu.databaseservice.services.AnonUserService.saveAnonUser] could not execute statement; SQL [n/a]; nested exception is org.hibernate.exception.SQLGrammarException: could not execute statement
[2022-11-17T17:18:56,148][INFO ][main][org.springframework.boot.StartupInfoLogger.logStarting] Starting DataBaseServiceApplicationKt using Java 18 on DESKTOP-THTJS0A with PID 11304 (C:\Users\roman\IdeaProjects\DataBaseService\target\classes started by roman in C:\Users\roman\IdeaProjects\DataBaseService)
[2022-11-17T17:18:56,160][DEBUG][main][org.springframework.boot.StartupInfoLogger.logStarting] Running with Spring Boot v2.7.3, Spring v5.3.22
[2022-11-17T17:18:56,162][INFO ][main][org.springframework.boot.SpringApplication.logStartupProfileInfo] The following 1 profile is active: "dev"
[2022-11-17T17:19:02,600][INFO ][main][org.springframework.boot.StartupInfoLogger.logStarted] Started DataBaseServiceApplicationKt in 6.998 seconds (JVM running for 8.886)
[2022-11-17T17:19:07,539][INFO ][http-nio-8080-exec-2][ru.edu.databaseservice.services.AnonUserService.saveAnonUser] Request: AnonUsersEntity(id=null, iden32=65578138913908, roomsEntity=null)
[2022-11-17T17:19:07,680][ERROR][http-nio-8080-exec-2][ru.edu.databaseservice.services.AnonUserService.saveAnonUser] could not execute statement; SQL [n/a]; constraint [null]; nested exception is org.hibernate.exception.ConstraintViolationException: could not execute statement
[2022-11-17T17:20:04,917][INFO ][main][org.springframework.boot.StartupInfoLogger.logStarting] Starting DataBaseServiceApplicationKt using Java 18 on DESKTOP-THTJS0A with PID 8064 (C:\Users\roman\IdeaProjects\DataBaseService\target\classes started by roman in C:\Users\roman\IdeaProjects\DataBaseService)
[2022-11-17T17:20:04,930][DEBUG][main][org.springframework.boot.StartupInfoLogger.logStarting] Running with Spring Boot v2.7.3, Spring v5.3.22
[2022-11-17T17:20:04,932][INFO ][main][org.springframework.boot.SpringApplication.logStartupProfileInfo] The following 1 profile is active: "dev"
[2022-11-17T17:20:11,489][INFO ][main][org.springframework.boot.StartupInfoLogger.logStarted] Started DataBaseServiceApplicationKt in 7.187 seconds (JVM running for 9.346)
[2022-11-17T17:20:16,218][INFO ][http-nio-8080-exec-2][ru.edu.databaseservice.services.AnonUserService.saveAnonUser] Request: AnonUsersEntity(id=null, iden32=65578138913908, roomsEntity=null)
[2022-11-17T17:20:16,458][ERROR][http-nio-8080-exec-2][ru.edu.databaseservice.services.AnonUserService.saveAnonUser] could not execute statement; SQL [n/a]; constraint [null]; nested exception is org.hibernate.exception.ConstraintViolationException: could not execute statement
[2022-11-17T17:24:30,320][INFO ][main][org.springframework.boot.StartupInfoLogger.logStarting] Starting DataBaseServiceApplicationKt using Java 18 on DESKTOP-THTJS0A with PID 800 (C:\Users\roman\IdeaProjects\DataBaseService\target\classes started by roman in C:\Users\roman\IdeaProjects\DataBaseService)
[2022-11-17T17:24:30,335][DEBUG][main][org.springframework.boot.StartupInfoLogger.logStarting] Running with Spring Boot v2.7.3, Spring v5.3.22
[2022-11-17T17:24:30,336][INFO ][main][org.springframework.boot.SpringApplication.logStartupProfileInfo] The following 1 profile is active: "dev"
[2022-11-17T17:24:37,771][INFO ][main][org.springframework.boot.StartupInfoLogger.logStarted] Started DataBaseServiceApplicationKt in 8.141 seconds (JVM running for 10.421)
[2022-11-17T17:26:41,029][INFO ][main][org.springframework.boot.StartupInfoLogger.logStarting] Starting DataBaseServiceApplicationKt using Java 18 on DESKTOP-THTJS0A with PID 12116 (C:\Users\roman\IdeaProjects\DataBaseService\target\classes started by roman in C:\Users\roman\IdeaProjects\DataBaseService)
[2022-11-17T17:26:41,044][DEBUG][main][org.springframework.boot.StartupInfoLogger.logStarting] Running with Spring Boot v2.7.3, Spring v5.3.22
[2022-11-17T17:26:41,046][INFO ][main][org.springframework.boot.SpringApplication.logStartupProfileInfo] The following 1 profile is active: "dev"
[2022-11-17T17:26:48,393][INFO ][main][org.springframework.boot.StartupInfoLogger.logStarted] Started DataBaseServiceApplicationKt in 7.967 seconds (JVM running for 9.956)
[2022-11-17T17:28:56,732][INFO ][main][org.springframework.boot.StartupInfoLogger.logStarting] Starting DataBaseServiceApplicationKt using Java 18 on DESKTOP-THTJS0A with PID 9688 (C:\Users\roman\IdeaProjects\DataBaseService\target\classes started by roman in C:\Users\roman\IdeaProjects\DataBaseService)
[2022-11-17T17:28:56,746][DEBUG][main][org.springframework.boot.StartupInfoLogger.logStarting] Running with Spring Boot v2.7.3, Spring v5.3.22
[2022-11-17T17:28:56,747][INFO ][main][org.springframework.boot.SpringApplication.logStartupProfileInfo] The following 1 profile is active: "dev"
[2022-11-17T17:29:03,380][INFO ][main][org.springframework.boot.StartupInfoLogger.logStarted] Started DataBaseServiceApplicationKt in 7.227 seconds (JVM running for 9.104)
[2022-11-17T17:29:07,511][INFO ][http-nio-8080-exec-2][ru.edu.databaseservice.services.AnonUserService.saveAnonUser] Request: AnonUsersEntity(id=null, iden32=65578138913908, roomsEntity=null)
[2022-11-17T17:29:07,606][ERROR][http-nio-8080-exec-2][ru.edu.databaseservice.services.AnonUserService.saveAnonUser] could not execute statement; SQL [n/a]; constraint [null]; nested exception is org.hibernate.exception.ConstraintViolationException: could not execute statement
[2022-11-17T17:33:11,586][INFO ][http-nio-8080-exec-5][ru.edu.databaseservice.services.AnonUserService.saveAnonUser] Request: AnonUsersEntity(id=null, iden32=65578138913908, roomsEntity=null)
[2022-11-17T17:33:11,620][INFO ][http-nio-8080-exec-5][ru.edu.databaseservice.services.AnonUserService.saveAnonUser] Anon successfully created AnonUsersEntity(id=4, iden32=65578138913908, roomsEntity=null)
